#
# There is insufficient memory for the Java Runtime Environment to continue.
# Native memory allocation (malloc) failed to allocate 786576 bytes for Chunk::new
# Possible reasons:
#   The system is out of physical RAM or swap space
#   The process is running with CompressedOops enabled, and the Java Heap may be blocking the growth of the native heap
# Possible solutions:
#   Reduce memory load on the system
#   Increase physical memory or swap space
#   Check if swap backing store is full
#   Decrease Java heap size (-Xmx/-Xms)
#   Decrease number of Java threads
#   Decrease Java thread stack sizes (-Xss)
#   Set larger code cache with -XX:ReservedCodeCacheSize=
#   JVM is running with Unscaled Compressed Oops mode in which the Java heap is
#     placed in the first 4GB address space. The Java Heap base address is the
#     maximum limit for the native heap growth. Please use -XX:HeapBaseMinAddress
#     to set the Java Heap base and to place the Java Heap above 4GB virtual address.
# This output file may be truncated or incomplete.
#
#  Out of Memory Error (./src/hotspot/share/memory/arena.cpp:197), pid=11532, tid=12660
#
# JRE version: OpenJDK Runtime Environment (11.0.11+9) (build 11.0.11+9-b60-7590822)
# Java VM: OpenJDK 64-Bit Server VM (11.0.11+9-b60-7590822, mixed mode, tiered, compressed oops, g1 gc, windows-amd64)
# No core dump will be written. Minidumps are not enabled by default on client versions of Windows
#

---------------  S U M M A R Y ------------

Command Line: --add-opens=java.base/java.util=ALL-UNNAMED --add-opens=java.base/java.lang=ALL-UNNAMED --add-opens=java.base/java.lang.invoke=ALL-UNNAMED --add-opens=java.base/java.util=ALL-UNNAMED --add-opens=java.prefs/java.util.prefs=ALL-UNNAMED --add-opens=java.prefs/java.util.prefs=ALL-UNNAMED --add-opens=java.base/java.nio.charset=ALL-UNNAMED --add-opens=java.base/java.net=ALL-UNNAMED --add-opens=java.base/java.util.concurrent.atomic=ALL-UNNAMED -Xmx2048m -Dfile.encoding=UTF-8 -Duser.country=RU -Duser.language=ru -Duser.variant org.gradle.launcher.daemon.bootstrap.GradleDaemon 7.2

Host: AMD Athlon Gold 3150U with Radeon Graphics     , 4 cores, 3G,  Windows 10 , 64 bit Build 22000 (10.0.22000.434)
Time: Mon Mar  7 23:50:37 2022 RTZ 4 (????) elapsed time: 112.829869 seconds (0d 0h 1m 52s)

---------------  T H R E A D  ---------------

Current thread (0x000001adfe792000):  JavaThread "C2 CompilerThread0" daemon [_thread_in_native, id=12660, stack(0x00000002d7600000,0x00000002d7700000)]


Current CompileTask:
C2: 112830 3554       4       javax.management.ObjectName::construct (1135 bytes)

Stack: [0x00000002d7600000,0x00000002d7700000]
Native frames: (J=compiled Java code, j=interpreted, Vv=VM code, C=native code)
V  [jvm.dll+0x5f214a]
V  [jvm.dll+0x726fb5]
V  [jvm.dll+0x7285cd]
V  [jvm.dll+0x728c83]
V  [jvm.dll+0x243278]
V  [jvm.dll+0xbc53c]
V  [jvm.dll+0xbca3c]
V  [jvm.dll+0x2b5c34]
V  [jvm.dll+0x508488]
V  [jvm.dll+0x203d53]
V  [jvm.dll+0x1fdbac]
V  [jvm.dll+0x1fb35f]
V  [jvm.dll+0x183d6c]
V  [jvm.dll+0x209a57]
V  [jvm.dll+0x2082a1]
V  [jvm.dll+0x6ef58f]
V  [jvm.dll+0x6e80b5]
V  [jvm.dll+0x5f1036]
C  [ucrtbase.dll+0x26c0c]
C  [KERNEL32.DLL+0x154e0]
C  [ntdll.dll+0x485b]


---------------  P R O C E S S  ---------------

Threads class SMR info:
_java_thread_list=0x000001ad82c8fd50, length=33, elements={
0x000001ade6b8e000, 0x000001adfe72a800, 0x000001adfe735800, 0x000001adfe78e800,
0x000001adfe78f800, 0x000001adfe790800, 0x000001adfe792000, 0x000001adfe798800,
0x000001adff100800, 0x000001adff237800, 0x000001ad832a2000, 0x000001ad83469000,
0x000001adff300800, 0x000001ad826ee800, 0x000001ad8204d000, 0x000001ad8204e000,
0x000001adff6cf800, 0x000001ade4981800, 0x000001adff4b3800, 0x000001adff4b1000,
0x000001adff4b7000, 0x000001adff4b4800, 0x000001adff4b2000, 0x000001adff4b2800,
0x000001adff4b7800, 0x000001adff4b5000, 0x000001adff4b6000, 0x000001ad84173800,
0x000001ad84172000, 0x000001ad84176000, 0x000001ad84170800, 0x000001ad84174800,
0x000001ad84177800
}

Java Threads: ( => current thread )
  0x000001ade6b8e000 JavaThread "main" [_thread_blocked, id=7172, stack(0x00000002d6a00000,0x00000002d6b00000)]
  0x000001adfe72a800 JavaThread "Reference Handler" daemon [_thread_blocked, id=9040, stack(0x00000002d7100000,0x00000002d7200000)]
  0x000001adfe735800 JavaThread "Finalizer" daemon [_thread_blocked, id=6592, stack(0x00000002d7200000,0x00000002d7300000)]
  0x000001adfe78e800 JavaThread "Signal Dispatcher" daemon [_thread_blocked, id=11416, stack(0x00000002d7300000,0x00000002d7400000)]
  0x000001adfe78f800 JavaThread "Attach Listener" daemon [_thread_blocked, id=10224, stack(0x00000002d7400000,0x00000002d7500000)]
  0x000001adfe790800 JavaThread "Service Thread" daemon [_thread_blocked, id=1068, stack(0x00000002d7500000,0x00000002d7600000)]
=>0x000001adfe792000 JavaThread "C2 CompilerThread0" daemon [_thread_in_native, id=12660, stack(0x00000002d7600000,0x00000002d7700000)]
  0x000001adfe798800 JavaThread "C1 CompilerThread0" daemon [_thread_blocked, id=1892, stack(0x00000002d7700000,0x00000002d7800000)]
  0x000001adff100800 JavaThread "Sweeper thread" daemon [_thread_blocked, id=10284, stack(0x00000002d7800000,0x00000002d7900000)]
  0x000001adff237800 JavaThread "Common-Cleaner" daemon [_thread_blocked, id=8588, stack(0x00000002d7900000,0x00000002d7a00000)]
  0x000001ad832a2000 JavaThread "Daemon health stats" [_thread_blocked, id=7532, stack(0x00000002d7c00000,0x00000002d7d00000)]
  0x000001ad83469000 JavaThread "Incoming local TCP Connector on port 60839" [_thread_in_native, id=6620, stack(0x00000002d7f00000,0x00000002d8000000)]
  0x000001adff300800 JavaThread "Daemon periodic checks" [_thread_blocked, id=2588, stack(0x00000002d8000000,0x00000002d8100000)]
  0x000001ad826ee800 JavaThread "Daemon" [_thread_blocked, id=9232, stack(0x00000002d8100000,0x00000002d8200000)]
  0x000001ad8204d000 JavaThread "Handler for socket connection from /127.0.0.1:60839 to /127.0.0.1:60840" [_thread_in_native, id=4140, stack(0x00000002d8200000,0x00000002d8300000)]
  0x000001ad8204e000 JavaThread "Cancel handler" [_thread_blocked, id=7904, stack(0x00000002d8300000,0x00000002d8400000)]
  0x000001adff6cf800 JavaThread "Daemon worker" [_thread_in_Java, id=6892, stack(0x00000002d8400000,0x00000002d8500000)]
  0x000001ade4981800 JavaThread "Asynchronous log dispatcher for DefaultDaemonConnection: socket connection from /127.0.0.1:60839 to /127.0.0.1:60840" [_thread_blocked, id=7808, stack(0x00000002d8500000,0x00000002d8600000)]
  0x000001adff4b3800 JavaThread "Daemon client event forwarder" [_thread_blocked, id=5352, stack(0x00000002d8700000,0x00000002d8800000)]
  0x000001adff4b1000 JavaThread "Cache worker for journal cache (C:\Users\79220\.gradle\caches\journal-1)" [_thread_in_Java, id=7324, stack(0x00000002d8800000,0x00000002d8900000)]
  0x000001adff4b7000 JavaThread "File lock request listener" [_thread_in_native, id=6760, stack(0x00000002d8900000,0x00000002d8a00000)]
  0x000001adff4b4800 JavaThread "Cache worker for file hash cache (C:\Users\79220\.gradle\caches\7.2\fileHashes)" [_thread_blocked, id=1160, stack(0x00000002d6800000,0x00000002d6900000)]
  0x000001adff4b2000 JavaThread "Cache worker for file hash cache (C:\Users\79220\AndroidStudioProjects\Affirmations\.gradle\7.2\fileHashes)" [_thread_blocked, id=12748, stack(0x00000002d8a00000,0x00000002d8b00000)]
  0x000001adff4b2800 JavaThread "File watcher server" daemon [_thread_in_native, id=9424, stack(0x00000002d8b00000,0x00000002d8c00000)]
  0x000001adff4b7800 JavaThread "File watcher consumer" daemon [_thread_blocked, id=8600, stack(0x00000002d8c00000,0x00000002d8d00000)]
  0x000001adff4b5000 JavaThread "Cache worker for checksums cache (C:\Users\79220\AndroidStudioProjects\Affirmations\.gradle\checksums)" [_thread_blocked, id=11992, stack(0x00000002d8d00000,0x00000002d8e00000)]
  0x000001adff4b6000 JavaThread "Cache worker for cache directory md-supplier (C:\Users\79220\.gradle\caches\7.2\md-supplier)" [_thread_blocked, id=8308, stack(0x00000002d8e00000,0x00000002d8f00000)]
  0x000001ad84173800 JavaThread "Cache worker for cache directory md-rule (C:\Users\79220\.gradle\caches\7.2\md-rule)" [_thread_blocked, id=11788, stack(0x00000002d8f00000,0x00000002d9000000)]
  0x000001ad84172000 JavaThread "Cache worker for execution history cache (C:\Users\79220\.gradle\caches\7.2\executionHistory)" [_thread_blocked, id=3232, stack(0x00000002d9000000,0x00000002d9100000)]
  0x000001ad84176000 JavaThread "jar transforms" [_thread_blocked, id=10488, stack(0x00000002d9100000,0x00000002d9200000)]
  0x000001ad84170800 JavaThread "jar transforms Thread 2" [_thread_blocked, id=10876, stack(0x00000002d9200000,0x00000002d9300000)]
  0x000001ad84174800 JavaThread "Cache worker for file content cache (C:\Users\79220\.gradle\caches\7.2\fileContent)" [_thread_blocked, id=9080, stack(0x00000002d9500000,0x00000002d9600000)]
  0x000001ad84177800 JavaThread "jar transforms Thread 3" [_thread_blocked, id=2652, stack(0x00000002d6700000,0x00000002d6800000)]

Other Threads:
  0x000001adfe726800 VMThread "VM Thread" [stack: 0x00000002d7000000,0x00000002d7100000] [id=5792]
  0x000001adff265000 WatcherThread [stack: 0x00000002d7a00000,0x00000002d7b00000] [id=10280]
  0x000001ade6ba5800 GCTaskThread "GC Thread#0" [stack: 0x00000002d6b00000,0x00000002d6c00000] [id=5704]
  0x000001adff5c1800 GCTaskThread "GC Thread#1" [stack: 0x00000002d7b00000,0x00000002d7c00000] [id=10560]
  0x000001ad82fc9800 GCTaskThread "GC Thread#2" [stack: 0x00000002d7d00000,0x00000002d7e00000] [id=13008]
  0x000001ad83569800 GCTaskThread "GC Thread#3" [stack: 0x00000002d7e00000,0x00000002d7f00000] [id=12548]
  0x000001ade6bd9000 ConcurrentGCThread "G1 Main Marker" [stack: 0x00000002d6c00000,0x00000002d6d00000] [id=13144]
  0x000001ade6bda000 ConcurrentGCThread "G1 Conc#0" [stack: 0x00000002d6d00000,0x00000002d6e00000] [id=5116]
  0x000001ade6c21800 ConcurrentGCThread "G1 Refine#0" [stack: 0x00000002d6e00000,0x00000002d6f00000] [id=452]
  0x000001ade6c22800 ConcurrentGCThread "G1 Young RemSet Sampling" [stack: 0x00000002d6f00000,0x00000002d7000000] [id=13092]

Threads with active compile tasks:
C2 CompilerThread0 114269 3554       4       javax.management.ObjectName::construct (1135 bytes)

VM state:not at safepoint (normal execution)

VM Mutex/Monitor currently owned by a thread: None

Heap address: 0x0000000080000000, size: 2048 MB, Compressed Oops mode: 32-bit
Narrow klass base: 0x0000000000000000, Narrow klass shift: 3
Compressed class space size: 1073741824 Address: 0x0000000100000000

Heap:
 garbage-first heap   total 131072K, used 46789K [0x0000000080000000, 0x0000000100000000)
  region size 1024K, 20 young (20480K), 2 survivors (2048K)
 Metaspace       used 39142K, capacity 40018K, committed 40348K, reserved 1085440K
  class space    used 4949K, capacity 5287K, committed 5376K, reserved 1048576K
Heap Regions: E=young(eden), S=young(survivor), O=old, HS=humongous(starts), HC=humongous(continues), CS=collection set, F=free, A=archive, TAMS=top-at-mark-start (previous, next)
|   0|0x0000000080000000, 0x0000000080100000, 0x0000000080100000|100%| O|  |TAMS 0x0000000080100000, 0x0000000080000000| Untracked 
|   1|0x0000000080100000, 0x0000000080200000, 0x0000000080200000|100%| O|  |TAMS 0x0000000080200000, 0x0000000080100000| Untracked 
|   2|0x0000000080200000, 0x0000000080300000, 0x0000000080300000|100%| O|  |TAMS 0x0000000080300000, 0x0000000080200000| Untracked 
|   3|0x0000000080300000, 0x0000000080400000, 0x0000000080400000|100%|HS|  |TAMS 0x0000000080400000, 0x0000000080300000| Complete 
|   4|0x0000000080400000, 0x0000000080500000, 0x0000000080500000|100%|HC|  |TAMS 0x0000000080500000, 0x0000000080400000| Complete 
|   5|0x0000000080500000, 0x0000000080600000, 0x0000000080600000|100%|HC|  |TAMS 0x0000000080600000, 0x0000000080500000| Complete 
|   6|0x0000000080600000, 0x0000000080700000, 0x0000000080700000|100%| O|  |TAMS 0x0000000080700000, 0x0000000080600000| Untracked 
|   7|0x0000000080700000, 0x0000000080800000, 0x0000000080800000|100%| O|  |TAMS 0x0000000080800000, 0x0000000080700000| Untracked 
|   8|0x0000000080800000, 0x0000000080900000, 0x0000000080900000|100%| O|  |TAMS 0x0000000080900000, 0x0000000080800000| Untracked 
|   9|0x0000000080900000, 0x0000000080a00000, 0x0000000080a00000|100%| O|  |TAMS 0x0000000080a00000, 0x0000000080900000| Untracked 
|  10|0x0000000080a00000, 0x0000000080b00000, 0x0000000080b00000|100%| O|  |TAMS 0x0000000080b00000, 0x0000000080a00000| Untracked 
|  11|0x0000000080b00000, 0x0000000080c00000, 0x0000000080c00000|100%| O|  |TAMS 0x0000000080c00000, 0x0000000080b00000| Untracked 
|  12|0x0000000080c00000, 0x0000000080d00000, 0x0000000080d00000|100%| O|  |TAMS 0x0000000080d00000, 0x0000000080c00000| Untracked 
|  13|0x0000000080d00000, 0x0000000080e00000, 0x0000000080e00000|100%| O|  |TAMS 0x0000000080e00000, 0x0000000080d00000| Untracked 
|  14|0x0000000080e00000, 0x0000000080f00000, 0x0000000080f00000|100%| O|  |TAMS 0x0000000080f00000, 0x0000000080e00000| Untracked 
|  15|0x0000000080f00000, 0x0000000081000000, 0x0000000081000000|100%| O|  |TAMS 0x0000000081000000, 0x0000000080f00000| Untracked 
|  16|0x0000000081000000, 0x0000000081100000, 0x0000000081100000|100%| O|  |TAMS 0x0000000081100000, 0x0000000081000000| Untracked 
|  17|0x0000000081100000, 0x0000000081200000, 0x0000000081200000|100%| O|  |TAMS 0x0000000081200000, 0x0000000081100000| Untracked 
|  18|0x0000000081200000, 0x0000000081300000, 0x0000000081300000|100%| O|  |TAMS 0x0000000081300000, 0x0000000081200000| Untracked 
|  19|0x0000000081300000, 0x0000000081400000, 0x0000000081400000|100%| O|  |TAMS 0x0000000081400000, 0x0000000081300000| Untracked 
|  20|0x0000000081400000, 0x0000000081500000, 0x0000000081500000|100%| O|  |TAMS 0x0000000081500000, 0x0000000081400000| Untracked 
|  21|0x0000000081500000, 0x0000000081600000, 0x0000000081600000|100%| O|  |TAMS 0x0000000081600000, 0x0000000081500000| Untracked 
|  22|0x0000000081600000, 0x0000000081700000, 0x0000000081700000|100%| O|  |TAMS 0x0000000081674a00, 0x0000000081600000| Untracked 
|  23|0x0000000081700000, 0x0000000081800000, 0x0000000081800000|100%| O|  |TAMS 0x0000000081700000, 0x0000000081700000| Untracked 
|  24|0x0000000081800000, 0x00000000818d3400, 0x0000000081900000| 82%| O|  |TAMS 0x0000000081800000, 0x0000000081800000| Untracked 
|  25|0x0000000081900000, 0x0000000081a00000, 0x0000000081a00000|100%|HS|  |TAMS 0x0000000081900000, 0x0000000081900000| Complete 
|  26|0x0000000081a00000, 0x0000000081b00000, 0x0000000081b00000|100%|HS|  |TAMS 0x0000000081a00000, 0x0000000081a00000| Complete 
|  27|0x0000000081b00000, 0x0000000081c00000, 0x0000000081c00000|100%|HC|  |TAMS 0x0000000081b00000, 0x0000000081b00000| Complete 
|  28|0x0000000081c00000, 0x0000000081c00000, 0x0000000081d00000|  0%| F|  |TAMS 0x0000000081c00000, 0x0000000081c00000| Untracked 
|  29|0x0000000081d00000, 0x0000000081d00000, 0x0000000081e00000|  0%| F|  |TAMS 0x0000000081d00000, 0x0000000081d00000| Untracked 
|  30|0x0000000081e00000, 0x0000000081e00000, 0x0000000081f00000|  0%| F|  |TAMS 0x0000000081e00000, 0x0000000081e00000| Untracked 
|  31|0x0000000081f00000, 0x0000000081f00000, 0x0000000082000000|  0%| F|  |TAMS 0x0000000081f00000, 0x0000000081f00000| Untracked 
|  32|0x0000000082000000, 0x0000000082000000, 0x0000000082100000|  0%| F|  |TAMS 0x0000000082000000, 0x0000000082000000| Untracked 
|  33|0x0000000082100000, 0x0000000082100000, 0x0000000082200000|  0%| F|  |TAMS 0x0000000082100000, 0x0000000082100000| Untracked 
|  34|0x0000000082200000, 0x0000000082200000, 0x0000000082300000|  0%| F|  |TAMS 0x0000000082200000, 0x0000000082200000| Untracked 
|  35|0x0000000082300000, 0x0000000082300000, 0x0000000082400000|  0%| F|  |TAMS 0x0000000082300000, 0x0000000082300000| Untracked 
|  36|0x0000000082400000, 0x0000000082400000, 0x0000000082500000|  0%| F|  |TAMS 0x0000000082400000, 0x0000000082400000| Untracked 
|  37|0x0000000082500000, 0x0000000082500000, 0x0000000082600000|  0%| F|  |TAMS 0x0000000082500000, 0x0000000082500000| Untracked 
|  38|0x0000000082600000, 0x0000000082600000, 0x0000000082700000|  0%| F|  |TAMS 0x0000000082600000, 0x0000000082600000| Untracked 
|  39|0x0000000082700000, 0x0000000082700000, 0x0000000082800000|  0%| F|  |TAMS 0x0000000082700000, 0x0000000082700000| Untracked 
|  40|0x0000000082800000, 0x0000000082800000, 0x0000000082900000|  0%| F|  |TAMS 0x0000000082800000, 0x0000000082800000| Untracked 
|  41|0x0000000082900000, 0x0000000082900000, 0x0000000082a00000|  0%| F|  |TAMS 0x0000000082900000, 0x0000000082900000| Untracked 
|  42|0x0000000082a00000, 0x0000000082a00000, 0x0000000082b00000|  0%| F|  |TAMS 0x0000000082a00000, 0x0000000082a00000| Untracked 
|  43|0x0000000082b00000, 0x0000000082b00000, 0x0000000082c00000|  0%| F|  |TAMS 0x0000000082b00000, 0x0000000082b00000| Untracked 
|  44|0x0000000082c00000, 0x0000000082c00000, 0x0000000082d00000|  0%| F|  |TAMS 0x0000000082c00000, 0x0000000082c00000| Untracked 
|  45|0x0000000082d00000, 0x0000000082d00000, 0x0000000082e00000|  0%| F|  |TAMS 0x0000000082d00000, 0x0000000082d00000| Untracked 
|  46|0x0000000082e00000, 0x0000000082e00000, 0x0000000082f00000|  0%| F|  |TAMS 0x0000000082e00000, 0x0000000082e00000| Untracked 
|  47|0x0000000082f00000, 0x0000000082f00000, 0x0000000083000000|  0%| F|  |TAMS 0x0000000082f00000, 0x0000000082f00000| Untracked 
|  48|0x0000000083000000, 0x0000000083000000, 0x0000000083100000|  0%| F|  |TAMS 0x0000000083000000, 0x0000000083000000| Untracked 
|  49|0x0000000083100000, 0x0000000083100000, 0x0000000083200000|  0%| F|  |TAMS 0x0000000083100000, 0x0000000083100000| Untracked 
|  50|0x0000000083200000, 0x0000000083200000, 0x0000000083300000|  0%| F|  |TAMS 0x0000000083200000, 0x0000000083200000| Untracked 
|  51|0x0000000083300000, 0x0000000083300000, 0x0000000083400000|  0%| F|  |TAMS 0x0000000083300000, 0x0000000083300000| Untracked 
|  52|0x0000000083400000, 0x0000000083400000, 0x0000000083500000|  0%| F|  |TAMS 0x0000000083400000, 0x0000000083400000| Untracked 
|  53|0x0000000083500000, 0x0000000083500000, 0x0000000083600000|  0%| F|  |TAMS 0x0000000083500000, 0x0000000083500000| Untracked 
|  54|0x0000000083600000, 0x0000000083600000, 0x0000000083700000|  0%| F|  |TAMS 0x0000000083600000, 0x0000000083600000| Untracked 
|  55|0x0000000083700000, 0x0000000083700000, 0x0000000083800000|  0%| F|  |TAMS 0x0000000083700000, 0x0000000083700000| Untracked 
|  56|0x0000000083800000, 0x0000000083800000, 0x0000000083900000|  0%| F|  |TAMS 0x0000000083800000, 0x0000000083800000| Untracked 
|  57|0x0000000083900000, 0x0000000083900000, 0x0000000083a00000|  0%| F|  |TAMS 0x0000000083900000, 0x0000000083900000| Untracked 
|  58|0x0000000083a00000, 0x0000000083a00000, 0x0000000083b00000|  0%| F|  |TAMS 0x0000000083a00000, 0x0000000083a00000| Untracked 
|  59|0x0000000083b00000, 0x0000000083b00000, 0x0000000083c00000|  0%| F|  |TAMS 0x0000000083b00000, 0x0000000083b00000| Untracked 
|  60|0x0000000083c00000, 0x0000000083c00000, 0x0000000083d00000|  0%| F|  |TAMS 0x0000000083c00000, 0x0000000083c00000| Untracked 
|  61|0x0000000083d00000, 0x0000000083d00000, 0x0000000083e00000|  0%| F|  |TAMS 0x0000000083d00000, 0x0000000083d00000| Untracked 
|  62|0x0000000083e00000, 0x0000000083e00000, 0x0000000083f00000|  0%| F|  |TAMS 0x0000000083e00000, 0x0000000083e00000| Untracked 
|  63|0x0000000083f00000, 0x0000000083f00000, 0x0000000084000000|  0%| F|  |TAMS 0x0000000083f00000, 0x0000000083f00000| Untracked 
|  64|0x0000000084000000, 0x0000000084000000, 0x0000000084100000|  0%| F|  |TAMS 0x0000000084000000, 0x0000000084000000| Untracked 
|  65|0x0000000084100000, 0x0000000084100000, 0x0000000084200000|  0%| F|  |TAMS 0x0000000084100000, 0x0000000084100000| Untracked 
|  66|0x0000000084200000, 0x0000000084200000, 0x0000000084300000|  0%| F|  |TAMS 0x0000000084200000, 0x0000000084200000| Untracked 
|  67|0x0000000084300000, 0x0000000084300000, 0x0000000084400000|  0%| F|  |TAMS 0x0000000084300000, 0x0000000084300000| Untracked 
|  68|0x0000000084400000, 0x0000000084400000, 0x0000000084500000|  0%| F|  |TAMS 0x0000000084400000, 0x0000000084400000| Untracked 
|  69|0x0000000084500000, 0x0000000084500000, 0x0000000084600000|  0%| F|  |TAMS 0x0000000084500000, 0x0000000084500000| Untracked 
|  70|0x0000000084600000, 0x0000000084600000, 0x0000000084700000|  0%| F|  |TAMS 0x0000000084600000, 0x0000000084600000| Untracked 
|  71|0x0000000084700000, 0x0000000084700000, 0x0000000084800000|  0%| F|  |TAMS 0x0000000084700000, 0x0000000084700000| Untracked 
|  72|0x0000000084800000, 0x0000000084800000, 0x0000000084900000|  0%| F|  |TAMS 0x0000000084800000, 0x0000000084800000| Untracked 
|  73|0x0000000084900000, 0x0000000084900000, 0x0000000084a00000|  0%| F|  |TAMS 0x0000000084900000, 0x0000000084900000| Untracked 
|  74|0x0000000084a00000, 0x0000000084a00000, 0x0000000084b00000|  0%| F|  |TAMS 0x0000000084a00000, 0x0000000084a00000| Untracked 
|  75|0x0000000084b00000, 0x0000000084b00000, 0x0000000084c00000|  0%| F|  |TAMS 0x0000000084b00000, 0x0000000084b00000| Untracked 
|  76|0x0000000084c00000, 0x0000000084c00000, 0x0000000084d00000|  0%| F|  |TAMS 0x0000000084c00000, 0x0000000084c00000| Untracked 
|  77|0x0000000084d00000, 0x0000000084d00000, 0x0000000084e00000|  0%| F|  |TAMS 0x0000000084d00000, 0x0000000084d00000| Untracked 
|  78|0x0000000084e00000, 0x0000000084e00000, 0x0000000084f00000|  0%| F|  |TAMS 0x0000000084e00000, 0x0000000084e00000| Untracked 
|  79|0x0000000084f00000, 0x0000000084f00000, 0x0000000085000000|  0%| F|  |TAMS 0x0000000084f00000, 0x0000000084f00000| Untracked 
|  80|0x0000000085000000, 0x0000000085000000, 0x0000000085100000|  0%| F|  |TAMS 0x0000000085000000, 0x0000000085000000| Untracked 
|  81|0x0000000085100000, 0x0000000085100000, 0x0000000085200000|  0%| F|  |TAMS 0x0000000085100000, 0x0000000085100000| Untracked 
|  82|0x0000000085200000, 0x0000000085200000, 0x0000000085300000|  0%| F|  |TAMS 0x0000000085200000, 0x0000000085200000| Untracked 
|  83|0x0000000085300000, 0x0000000085300000, 0x0000000085400000|  0%| F|  |TAMS 0x0000000085300000, 0x0000000085300000| Untracked 
|  84|0x0000000085400000, 0x0000000085400000, 0x0000000085500000|  0%| F|  |TAMS 0x0000000085400000, 0x0000000085400000| Untracked 
|  85|0x0000000085500000, 0x0000000085500000, 0x0000000085600000|  0%| F|  |TAMS 0x0000000085500000, 0x0000000085500000| Untracked 
|  86|0x0000000085600000, 0x0000000085600000, 0x0000000085700000|  0%| F|  |TAMS 0x0000000085600000, 0x0000000085600000| Untracked 
|  87|0x0000000085700000, 0x0000000085700000, 0x0000000085800000|  0%| F|  |TAMS 0x0000000085700000, 0x0000000085700000| Untracked 
|  88|0x0000000085800000, 0x0000000085800000, 0x0000000085900000|  0%| F|  |TAMS 0x0000000085800000, 0x0000000085800000| Untracked 
|  89|0x0000000085900000, 0x0000000085900000, 0x0000000085a00000|  0%| F|  |TAMS 0x0000000085900000, 0x0000000085900000| Untracked 
|  90|0x0000000085a00000, 0x0000000085a00000, 0x0000000085b00000|  0%| F|  |TAMS 0x0000000085a00000, 0x0000000085a00000| Untracked 
|  91|0x0000000085b00000, 0x0000000085b00000, 0x0000000085c00000|  0%| F|  |TAMS 0x0000000085b00000, 0x0000000085b00000| Untracked 
|  92|0x0000000085c00000, 0x0000000085c00000, 0x0000000085d00000|  0%| F|  |TAMS 0x0000000085c00000, 0x0000000085c00000| Untracked 
|  93|0x0000000085d00000, 0x0000000085d00000, 0x0000000085e00000|  0%| F|  |TAMS 0x0000000085d00000, 0x0000000085d00000| Untracked 
|  94|0x0000000085e00000, 0x0000000085e00000, 0x0000000085f00000|  0%| F|  |TAMS 0x0000000085e00000, 0x0000000085e00000| Untracked 
|  95|0x0000000085f00000, 0x0000000085f00000, 0x0000000086000000|  0%| F|  |TAMS 0x0000000085f00000, 0x0000000085f00000| Untracked 
|  96|0x0000000086000000, 0x0000000086000000, 0x0000000086100000|  0%| F|  |TAMS 0x0000000086000000, 0x0000000086000000| Untracked 
|  97|0x0000000086100000, 0x0000000086100000, 0x0000000086200000|  0%| F|  |TAMS 0x0000000086100000, 0x0000000086100000| Untracked 
|  98|0x0000000086200000, 0x0000000086200000, 0x0000000086300000|  0%| F|  |TAMS 0x0000000086200000, 0x0000000086200000| Untracked 
|  99|0x0000000086300000, 0x0000000086300000, 0x0000000086400000|  0%| F|  |TAMS 0x0000000086300000, 0x0000000086300000| Untracked 
| 100|0x0000000086400000, 0x0000000086400000, 0x0000000086500000|  0%| F|  |TAMS 0x0000000086400000, 0x0000000086400000| Untracked 
| 101|0x0000000086500000, 0x0000000086500000, 0x0000000086600000|  0%| F|  |TAMS 0x0000000086500000, 0x0000000086500000| Untracked 
| 102|0x0000000086600000, 0x0000000086600000, 0x0000000086700000|  0%| F|  |TAMS 0x0000000086600000, 0x0000000086600000| Untracked 
| 103|0x0000000086700000, 0x0000000086700000, 0x0000000086800000|  0%| F|  |TAMS 0x0000000086700000, 0x0000000086700000| Untracked 
| 104|0x0000000086800000, 0x0000000086800000, 0x0000000086900000|  0%| F|  |TAMS 0x0000000086800000, 0x0000000086800000| Untracked 
| 105|0x0000000086900000, 0x0000000086900000, 0x0000000086a00000|  0%| F|  |TAMS 0x0000000086900000, 0x0000000086900000| Untracked 
| 106|0x0000000086a00000, 0x0000000086a00000, 0x0000000086b00000|  0%| F|  |TAMS 0x0000000086a00000, 0x0000000086a00000| Untracked 
| 107|0x0000000086b00000, 0x0000000086b00000, 0x0000000086c00000|  0%| F|  |TAMS 0x0000000086b00000, 0x0000000086b00000| Untracked 
| 108|0x0000000086c00000, 0x0000000086c5ff48, 0x0000000086d00000| 37%| E|  |TAMS 0x0000000086c00000, 0x0000000086c00000| Complete 
| 109|0x0000000086d00000, 0x0000000086dde0c0, 0x0000000086e00000| 86%| S|CS|TAMS 0x0000000086d00000, 0x0000000086d00000| Complete 
| 110|0x0000000086e00000, 0x0000000086f00000, 0x0000000086f00000|100%| S|CS|TAMS 0x0000000086e00000, 0x0000000086e00000| Complete 
| 111|0x0000000086f00000, 0x0000000087000000, 0x0000000087000000|100%| E|CS|TAMS 0x0000000086f00000, 0x0000000086f00000| Complete 
| 112|0x0000000087000000, 0x0000000087100000, 0x0000000087100000|100%| E|CS|TAMS 0x0000000087000000, 0x0000000087000000| Complete 
| 113|0x0000000087100000, 0x0000000087200000, 0x0000000087200000|100%| E|CS|TAMS 0x0000000087100000, 0x0000000087100000| Complete 
| 114|0x0000000087200000, 0x0000000087300000, 0x0000000087300000|100%| E|CS|TAMS 0x0000000087200000, 0x0000000087200000| Complete 
| 115|0x0000000087300000, 0x0000000087400000, 0x0000000087400000|100%| E|CS|TAMS 0x0000000087300000, 0x0000000087300000| Complete 
| 116|0x0000000087400000, 0x0000000087500000, 0x0000000087500000|100%| E|  |TAMS 0x0000000087400000, 0x0000000087400000| Complete 
| 117|0x0000000087500000, 0x0000000087600000, 0x0000000087600000|100%| E|CS|TAMS 0x0000000087500000, 0x0000000087500000| Complete 
| 118|0x0000000087600000, 0x0000000087700000, 0x0000000087700000|100%| E|CS|TAMS 0x0000000087600000, 0x0000000087600000| Complete 
| 119|0x0000000087700000, 0x0000000087800000, 0x0000000087800000|100%| E|CS|TAMS 0x0000000087700000, 0x0000000087700000| Complete 
| 120|0x0000000087800000, 0x0000000087900000, 0x0000000087900000|100%| E|CS|TAMS 0x0000000087800000, 0x0000000087800000| Complete 
| 121|0x0000000087900000, 0x0000000087a00000, 0x0000000087a00000|100%| E|CS|TAMS 0x0000000087900000, 0x0000000087900000| Complete 
| 122|0x0000000087a00000, 0x0000000087b00000, 0x0000000087b00000|100%| E|CS|TAMS 0x0000000087a00000, 0x0000000087a00000| Complete 
| 123|0x0000000087b00000, 0x0000000087c00000, 0x0000000087c00000|100%| E|CS|TAMS 0x0000000087b00000, 0x0000000087b00000| Complete 
| 124|0x0000000087c00000, 0x0000000087d00000, 0x0000000087d00000|100%| E|CS|TAMS 0x0000000087c00000, 0x0000000087c00000| Complete 
| 125|0x0000000087d00000, 0x0000000087e00000, 0x0000000087e00000|100%| E|CS|TAMS 0x0000000087d00000, 0x0000000087d00000| Complete 
| 126|0x0000000087e00000, 0x0000000087f00000, 0x0000000087f00000|100%| E|CS|TAMS 0x0000000087e00000, 0x0000000087e00000| Complete 
| 127|0x0000000087f00000, 0x0000000088000000, 0x0000000088000000|100%| E|CS|TAMS 0x0000000087f00000, 0x0000000087f00000| Complete 

Card table byte_map: [0x000001adf9a90000,0x000001adf9e90000] _byte_map_base: 0x000001adf9690000

Marking Bits (Prev, Next): (CMBitMap*) 0x000001ade6bd03b0, (CMBitMap*) 0x000001ade6bd0378
 Prev Bits: [0x000001adfc290000, 0x000001adfe290000)
 Next Bits: [0x000001adfa290000, 0x000001adfc290000)

Polling page: 0x000001ade6370000

Metaspace:

Usage:
  Non-class:     33.92 MB capacity,    33.39 MB ( 98%) used,   447.50 KB (  1%) free+waste,    90.56 KB ( <1%) overhead. 
      Class:      5.16 MB capacity,     4.83 MB ( 94%) used,   294.22 KB (  6%) free+waste,    43.25 KB ( <1%) overhead. 
       Both:     39.08 MB capacity,    38.23 MB ( 98%) used,   741.72 KB (  2%) free+waste,   133.81 KB ( <1%) overhead. 

Virtual space:
  Non-class space:       36.00 MB reserved,      34.15 MB ( 95%) committed 
      Class space:        1.00 GB reserved,       5.25 MB ( <1%) committed 
             Both:        1.04 GB reserved,      39.40 MB (  4%) committed 

Chunk freelists:
   Non-Class:  49.00 KB
       Class:  0 bytes
        Both:  49.00 KB

MaxMetaspaceSize: 17179869184.00 GB
CompressedClassSpaceSize: 1.00 GB

CodeHeap 'non-profiled nmethods': size=120064Kb used=1777Kb max_used=1777Kb free=118286Kb
 bounds [0x000001adf2150000, 0x000001adf23c0000, 0x000001adf9690000]
CodeHeap 'profiled nmethods': size=120000Kb used=7339Kb max_used=7339Kb free=112661Kb
 bounds [0x000001adeac20000, 0x000001adeb350000, 0x000001adf2150000]
CodeHeap 'non-nmethods': size=5696Kb used=2199Kb max_used=2219Kb free=3496Kb
 bounds [0x000001adea690000, 0x000001adea900000, 0x000001adeac20000]
 total_blobs=4302 nmethods=3540 adapters=673
 compilation: enabled
              stopped_count=0, restarted_count=0
 full_count=0

Compilation events (20 events):
Event: 109.625 Thread 0x000001adfe798800 nmethod 3543 0x000001adeb348a90 code [0x000001adeb348c40, 0x000001adeb348d68]
Event: 109.659 Thread 0x000001adfe798800 3544       1       org.gradle.cache.internal.DefaultFileLockManager$DefaultFileLock::access$300 (5 bytes)
Event: 109.667 Thread 0x000001adfe798800 nmethod 3544 0x000001adf2309c90 code [0x000001adf2309e40, 0x000001adf2309ed8]
Event: 109.684 Thread 0x000001adfe798800 3545       3       org.gradle.internal.serialize.InputStreamBackedDecoder::readBoolean (8 bytes)
Event: 109.692 Thread 0x000001adfe798800 nmethod 3545 0x000001adeb348e10 code [0x000001adeb349000, 0x000001adeb349398]
Event: 109.692 Thread 0x000001adfe798800 3546       3       java.io.DataInputStream::readBoolean (30 bytes)
Event: 109.693 Thread 0x000001adfe798800 nmethod 3546 0x000001adeb349510 code [0x000001adeb3496e0, 0x000001adeb3499f8]
Event: 109.695 Thread 0x000001adfe792000 3547       4       java.lang.Character::toLowerCase (6 bytes)
Event: 109.728 Thread 0x000001adfe792000 nmethod 3547 0x000001adf2309f90 code [0x000001adf230a120, 0x000001adf230a1f8]
Event: 109.985 Thread 0x000001adfe792000 3548       4       java.util.concurrent.locks.AbstractQueuedSynchronizer$ConditionObject::awaitNanos (181 bytes)
Event: 110.349 Thread 0x000001adfe792000 nmethod 3548 0x000001adf230a310 code [0x000001adf230a560, 0x000001adf230ba50]
Event: 111.056 Thread 0x000001adfe798800 3549       3       org.gradle.internal.serialize.InputStreamBackedDecoder::readLong (8 bytes)
Event: 111.060 Thread 0x000001adfe798800 nmethod 3549 0x000001adeb349b10 code [0x000001adeb349cc0, 0x000001adeb349de8]
Event: 111.077 Thread 0x000001adfe798800 3550       3       java.lang.Long::hashCode (8 bytes)
Event: 111.094 Thread 0x000001adfe798800 nmethod 3550 0x000001adeb349e90 code [0x000001adeb34a040, 0x000001adeb34a1b8]
Event: 111.094 Thread 0x000001adfe798800 3552       3       java.util.concurrent.locks.AbstractQueuedSynchronizer$ConditionObject::signal (33 bytes)
Event: 111.227 Thread 0x000001adfe798800 nmethod 3552 0x000001adeb34a290 code [0x000001adeb34a480, 0x000001adeb34a7a8]
Event: 111.981 Thread 0x000001adfe792000 3554       4       javax.management.ObjectName::construct (1135 bytes)
Event: 112.000 Thread 0x000001adfe798800 3555       3       java.util.concurrent.ThreadPoolExecutor::workerCountOf (5 bytes)
Event: 112.000 Thread 0x000001adfe798800 nmethod 3555 0x000001adeb34a910 code [0x000001adeb34aac0, 0x000001adeb34ab98]

GC Heap History (20 events):
Event: 16.486 GC heap before
{Heap before GC invocations=4 (full 0):
 garbage-first heap   total 57344K, used 34364K [0x0000000080000000, 0x0000000100000000)
  region size 1024K, 23 young (23552K), 3 survivors (3072K)
 Metaspace       used 14353K, capacity 14717K, committed 14848K, reserved 1062912K
  class space    used 1626K, capacity 1718K, committed 1792K, reserved 1048576K
}
Event: 17.132 GC heap after
{Heap after GC invocations=5 (full 0):
 garbage-first heap   total 57344K, used 15653K [0x0000000080000000, 0x0000000100000000)
  region size 1024K, 2 young (2048K), 2 survivors (2048K)
 Metaspace       used 14353K, capacity 14717K, committed 14848K, reserved 1062912K
  class space    used 1626K, capacity 1718K, committed 1792K, reserved 1048576K
}
Event: 24.092 GC heap before
{Heap before GC invocations=5 (full 0):
 garbage-first heap   total 57344K, used 31013K [0x0000000080000000, 0x0000000100000000)
  region size 1024K, 17 young (17408K), 2 survivors (2048K)
 Metaspace       used 17685K, capacity 18120K, committed 18432K, reserved 1064960K
  class space    used 2089K, capacity 2219K, committed 2304K, reserved 1048576K
}
Event: 24.264 GC heap after
{Heap after GC invocations=6 (full 0):
 garbage-first heap   total 57344K, used 16749K [0x0000000080000000, 0x0000000100000000)
  region size 1024K, 3 young (3072K), 3 survivors (3072K)
 Metaspace       used 17685K, capacity 18120K, committed 18432K, reserved 1064960K
  class space    used 2089K, capacity 2219K, committed 2304K, reserved 1048576K
}
Event: 26.419 GC heap before
{Heap before GC invocations=6 (full 0):
 garbage-first heap   total 57344K, used 33133K [0x0000000080000000, 0x0000000100000000)
  region size 1024K, 19 young (19456K), 3 survivors (3072K)
 Metaspace       used 19524K, capacity 19970K, committed 20224K, reserved 1067008K
  class space    used 2377K, capacity 2516K, committed 2560K, reserved 1048576K
}
Event: 26.471 GC heap after
{Heap after GC invocations=7 (full 0):
 garbage-first heap   total 108544K, used 17189K [0x0000000080000000, 0x0000000100000000)
  region size 1024K, 2 young (2048K), 2 survivors (2048K)
 Metaspace       used 19524K, capacity 19970K, committed 20224K, reserved 1067008K
  class space    used 2377K, capacity 2516K, committed 2560K, reserved 1048576K
}
Event: 31.294 GC heap before
{Heap before GC invocations=7 (full 0):
 garbage-first heap   total 108544K, used 24357K [0x0000000080000000, 0x0000000100000000)
  region size 1024K, 10 young (10240K), 2 survivors (2048K)
 Metaspace       used 20736K, capacity 21166K, committed 21296K, reserved 1069056K
  class space    used 2530K, capacity 2659K, committed 2688K, reserved 1048576K
}
Event: 31.391 GC heap after
{Heap after GC invocations=8 (full 0):
 garbage-first heap   total 108544K, used 17628K [0x0000000080000000, 0x0000000100000000)
  region size 1024K, 1 young (1024K), 1 survivors (1024K)
 Metaspace       used 20736K, capacity 21166K, committed 21296K, reserved 1069056K
  class space    used 2530K, capacity 2659K, committed 2688K, reserved 1048576K
}
Event: 34.226 GC heap before
{Heap before GC invocations=9 (full 0):
 garbage-first heap   total 108544K, used 38108K [0x0000000080000000, 0x0000000100000000)
  region size 1024K, 21 young (21504K), 1 survivors (1024K)
 Metaspace       used 22640K, capacity 23232K, committed 23548K, reserved 1069056K
  class space    used 2875K, capacity 3077K, committed 3200K, reserved 1048576K
}
Event: 34.277 GC heap after
{Heap after GC invocations=10 (full 0):
 garbage-first heap   total 108544K, used 18125K [0x0000000080000000, 0x0000000100000000)
  region size 1024K, 2 young (2048K), 2 survivors (2048K)
 Metaspace       used 22640K, capacity 23232K, committed 23548K, reserved 1069056K
  class space    used 2875K, capacity 3077K, committed 3200K, reserved 1048576K
}
Event: 37.661 GC heap before
{Heap before GC invocations=10 (full 0):
 garbage-first heap   total 108544K, used 42701K [0x0000000080000000, 0x0000000100000000)
  region size 1024K, 26 young (26624K), 2 survivors (2048K)
 Metaspace       used 25260K, capacity 25871K, committed 26112K, reserved 1071104K
  class space    used 3261K, capacity 3467K, committed 3584K, reserved 1048576K
}
Event: 37.736 GC heap after
{Heap after GC invocations=11 (full 0):
 garbage-first heap   total 108544K, used 19385K [0x0000000080000000, 0x0000000100000000)
  region size 1024K, 3 young (3072K), 3 survivors (3072K)
 Metaspace       used 25260K, capacity 25871K, committed 26112K, reserved 1071104K
  class space    used 3261K, capacity 3467K, committed 3584K, reserved 1048576K
}
Event: 44.046 GC heap before
{Heap before GC invocations=11 (full 0):
 garbage-first heap   total 108544K, used 51129K [0x0000000080000000, 0x0000000100000000)
  region size 1024K, 34 young (34816K), 3 survivors (3072K)
 Metaspace       used 28195K, capacity 28824K, committed 29056K, reserved 1075200K
  class space    used 3722K, capacity 3943K, committed 3968K, reserved 1048576K
}
Event: 44.137 GC heap after
{Heap after GC invocations=12 (full 0):
 garbage-first heap   total 131072K, used 20449K [0x0000000080000000, 0x0000000100000000)
  region size 1024K, 4 young (4096K), 4 survivors (4096K)
 Metaspace       used 28195K, capacity 28824K, committed 29056K, reserved 1075200K
  class space    used 3722K, capacity 3943K, committed 3968K, reserved 1048576K
}
Event: 52.222 GC heap before
{Heap before GC invocations=12 (full 0):
 garbage-first heap   total 131072K, used 55265K [0x0000000080000000, 0x0000000100000000)
  region size 1024K, 39 young (39936K), 4 survivors (4096K)
 Metaspace       used 34988K, capacity 35807K, committed 35968K, reserved 1081344K
  class space    used 4561K, capacity 4889K, committed 4992K, reserved 1048576K
}
Event: 52.811 GC heap after
{Heap after GC invocations=13 (full 0):
 garbage-first heap   total 131072K, used 22934K [0x0000000080000000, 0x0000000100000000)
  region size 1024K, 5 young (5120K), 5 survivors (5120K)
 Metaspace       used 34988K, capacity 35807K, committed 35968K, reserved 1081344K
  class space    used 4561K, capacity 4889K, committed 4992K, reserved 1048576K
}
Event: 56.470 GC heap before
{Heap before GC invocations=14 (full 0):
 garbage-first heap   total 131072K, used 32150K [0x0000000080000000, 0x0000000100000000)
  region size 1024K, 15 young (15360K), 5 survivors (5120K)
 Metaspace       used 37187K, capacity 38055K, committed 38428K, reserved 1083392K
  class space    used 4823K, capacity 5149K, committed 5248K, reserved 1048576K
}
Event: 56.662 GC heap after
{Heap after GC invocations=15 (full 0):
 garbage-first heap   total 131072K, used 25042K [0x0000000080000000, 0x0000000100000000)
  region size 1024K, 2 young (2048K), 2 survivors (2048K)
 Metaspace       used 37187K, capacity 38055K, committed 38428K, reserved 1083392K
  class space    used 4823K, capacity 5149K, committed 5248K, reserved 1048576K
}
Event: 58.603 GC heap before
{Heap before GC invocations=16 (full 0):
 garbage-first heap   total 131072K, used 40402K [0x0000000080000000, 0x0000000100000000)
  region size 1024K, 17 young (17408K), 2 survivors (2048K)
 Metaspace       used 37493K, capacity 38365K, committed 38684K, reserved 1083392K
  class space    used 4843K, capacity 5165K, committed 5248K, reserved 1048576K
}
Event: 58.644 GC heap after
{Heap after GC invocations=17 (full 0):
 garbage-first heap   total 131072K, used 27333K [0x0000000080000000, 0x0000000100000000)
  region size 1024K, 2 young (2048K), 2 survivors (2048K)
 Metaspace       used 37493K, capacity 38365K, committed 38684K, reserved 1083392K
  class space    used 4843K, capacity 5165K, committed 5248K, reserved 1048576K
}

Deoptimization events (20 events):
Event: 68.310 Thread 0x000001adff6cf800 Uncommon trap: trap_request=0xffffffde fr.pc=0x000001adf22d7810 relative=0x0000000000000470
Event: 68.311 Thread 0x000001adff6cf800 Uncommon trap: reason=class_check action=maybe_recompile pc=0x000001adf22d7810 method=java.util.regex.Pattern$Start.match(Ljava/util/regex/Matcher;ILjava/lang/CharSequence;)Z @ 44 c2
Event: 68.311 Thread 0x000001adff6cf800 DEOPT PACKING pc=0x000001adf22d7810 sp=0x00000002d84f7e10
Event: 68.312 Thread 0x000001adff6cf800 DEOPT UNPACKING pc=0x000001adea6b662f sp=0x00000002d84f7cd8 mode 2
Event: 68.314 Thread 0x000001adff6cf800 Uncommon trap: trap_request=0xffffffde fr.pc=0x000001adf22d7810 relative=0x0000000000000470
Event: 68.314 Thread 0x000001adff6cf800 Uncommon trap: reason=class_check action=maybe_recompile pc=0x000001adf22d7810 method=java.util.regex.Pattern$Start.match(Ljava/util/regex/Matcher;ILjava/lang/CharSequence;)Z @ 44 c2
Event: 68.314 Thread 0x000001adff6cf800 DEOPT PACKING pc=0x000001adf22d7810 sp=0x00000002d84f7e10
Event: 68.314 Thread 0x000001adff6cf800 DEOPT UNPACKING pc=0x000001adea6b662f sp=0x00000002d84f7cd8 mode 2
Event: 68.316 Thread 0x000001adff6cf800 Uncommon trap: trap_request=0xffffffde fr.pc=0x000001adf22cd34c relative=0x000000000000044c
Event: 68.316 Thread 0x000001adff6cf800 Uncommon trap: reason=class_check action=maybe_recompile pc=0x000001adf22cd34c method=java.util.regex.Pattern$Start.match(Ljava/util/regex/Matcher;ILjava/lang/CharSequence;)Z @ 44 c2
Event: 68.316 Thread 0x000001adff6cf800 DEOPT PACKING pc=0x000001adf22cd34c sp=0x00000002d84f7da0
Event: 68.316 Thread 0x000001adff6cf800 DEOPT UNPACKING pc=0x000001adea6b662f sp=0x00000002d84f7ce0 mode 2
Event: 68.570 Thread 0x000001adff6cf800 Uncommon trap: trap_request=0xffffffde fr.pc=0x000001adf22585a8 relative=0x00000000000002e8
Event: 68.570 Thread 0x000001adff6cf800 Uncommon trap: reason=class_check action=maybe_recompile pc=0x000001adf22585a8 method=java.util.Collections$SetFromMap.remove(Ljava/lang/Object;)Z @ 5 c2
Event: 68.570 Thread 0x000001adff6cf800 DEOPT PACKING pc=0x000001adf22585a8 sp=0x00000002d84fadf0
Event: 68.570 Thread 0x000001adff6cf800 DEOPT UNPACKING pc=0x000001adea6b662f sp=0x00000002d84fade8 mode 2
Event: 68.570 Thread 0x000001adff6cf800 Uncommon trap: trap_request=0xffffffde fr.pc=0x000001adf22585a8 relative=0x00000000000002e8
Event: 68.570 Thread 0x000001adff6cf800 Uncommon trap: reason=class_check action=maybe_recompile pc=0x000001adf22585a8 method=java.util.Collections$SetFromMap.remove(Ljava/lang/Object;)Z @ 5 c2
Event: 68.570 Thread 0x000001adff6cf800 DEOPT PACKING pc=0x000001adf22585a8 sp=0x00000002d84fad70
Event: 68.570 Thread 0x000001adff6cf800 DEOPT UNPACKING pc=0x000001adea6b662f sp=0x00000002d84fad68 mode 2

Classes redefined (0 events):
No events

Internal exceptions (20 events):
Event: 58.899 Thread 0x000001adff6cf800 Exception <a 'java/lang/ClassNotFoundException'{0x0000000087a4f418}: org/gradle/groovy/scripts/ScriptBeanInfo> (0x0000000087a4f418) thrown at [./src/hotspot/share/classfile/systemDictionary.cpp, line 231]
Event: 58.902 Thread 0x000001adff6cf800 Exception <a 'java/lang/ClassNotFoundException'{0x0000000087a6ed90}: groovy/lang/ScriptBeanInfo> (0x0000000087a6ed90) thrown at [./src/hotspot/share/classfile/systemDictionary.cpp, line 231]
Event: 58.903 Thread 0x000001adff6cf800 Exception <a 'java/lang/ClassNotFoundException'{0x0000000087a8ecc0}: groovy/lang/ScriptCustomizer> (0x0000000087a8ecc0) thrown at [./src/hotspot/share/classfile/systemDictionary.cpp, line 231]
Event: 58.906 Thread 0x000001adff6cf800 Exception <a 'java/lang/ClassNotFoundException'{0x0000000087aaaa00}: org/gradle/groovy/scripts/ScriptCustomizer> (0x0000000087aaaa00) thrown at [./src/hotspot/share/classfile/systemDictionary.cpp, line 231]
Event: 58.908 Thread 0x000001adff6cf800 Exception <a 'java/lang/ClassNotFoundException'{0x0000000087ac65e8}: org/gradle/groovy/scripts/BasicScriptCustomizer> (0x0000000087ac65e8) thrown at [./src/hotspot/share/classfile/systemDictionary.cpp, line 231]
Event: 58.911 Thread 0x000001adff6cf800 Exception <a 'java/lang/ClassNotFoundException'{0x0000000087ae7aa8}: org/gradle/groovy/scripts/DefaultScriptCustomizer> (0x0000000087ae7aa8) thrown at [./src/hotspot/share/classfile/systemDictionary.cpp, line 231]
Event: 58.942 Thread 0x000001adff6cf800 Exception <a 'java/lang/ClassNotFoundException'{0x00000000879337b0}: org/gradle/initialization/InitScriptCustomizer> (0x00000000879337b0) thrown at [./src/hotspot/share/classfile/systemDictionary.cpp, line 231]
Event: 58.947 Thread 0x000001adff6cf800 Exception <a 'java/lang/ClassNotFoundException'{0x0000000087947300}: ijmapper_qx989vmrh5xeacv2mtijcjciCustomizer> (0x0000000087947300) thrown at [./src/hotspot/share/classfile/systemDictionary.cpp, line 231]
Event: 59.037 Thread 0x000001adff6cf800 Exception <a 'java/lang/ClassNotFoundException'{0x0000000087827f48}: org/gradle/internal/extensibility/DefaultExtraPropertiesExtensionBeanInfo> (0x0000000087827f48) thrown at [./src/hotspot/share/classfile/systemDictionary.cpp, line 231]
Event: 59.037 Thread 0x000001adff6cf800 Exception <a 'java/lang/ClassNotFoundException'{0x0000000087841840}: org/gradle/internal/extensibility/DefaultExtraPropertiesExtensionCustomizer> (0x0000000087841840) thrown at [./src/hotspot/share/classfile/systemDictionary.cpp, line 231]
Event: 61.904 Thread 0x000001adff6cf800 Exception <a 'java/lang/ClassNotFoundException'{0x00000000876fda60}: org/gradle/invocation/DefaultGradle_DecoratedBeanInfo> (0x00000000876fda60) thrown at [./src/hotspot/share/classfile/systemDictionary.cpp, line 231]
Event: 61.921 Thread 0x000001adff6cf800 Exception <a 'java/lang/ClassNotFoundException'{0x000000008751fe68}: org/gradle/invocation/DefaultGradleBeanInfo> (0x000000008751fe68) thrown at [./src/hotspot/share/classfile/systemDictionary.cpp, line 231]
Event: 61.927 Thread 0x000001adff6cf800 Exception <a 'java/lang/ClassNotFoundException'{0x0000000087545db0}: org/gradle/api/internal/project/AbstractPluginAwareBeanInfo> (0x0000000087545db0) thrown at [./src/hotspot/share/classfile/systemDictionary.cpp, line 231]
Event: 61.941 Thread 0x000001adff6cf800 Exception <a 'java/lang/ClassNotFoundException'{0x000000008756c010}: org/gradle/api/internal/project/AbstractPluginAwareCustomizer> (0x000000008756c010) thrown at [./src/hotspot/share/classfile/systemDictionary.cpp, line 231]
Event: 62.312 Thread 0x000001adff6cf800 Exception <a 'java/lang/ClassNotFoundException'{0x0000000087594118}: org/gradle/invocation/DefaultGradleCustomizer> (0x0000000087594118) thrown at [./src/hotspot/share/classfile/systemDictionary.cpp, line 231]
Event: 63.105 Thread 0x000001adff6cf800 Exception <a 'java/lang/ClassNotFoundException'{0x00000000875e9478}: org/gradle/invocation/DefaultGradle_DecoratedCustomizer> (0x00000000875e9478) thrown at [./src/hotspot/share/classfile/systemDictionary.cpp, line 231]
Event: 68.255 Thread 0x000001adff6cf800 Exception <a 'java/lang/ClassNotFoundException'{0x0000000087190bd8}: groovy/lang/Closure$1BeanInfo> (0x0000000087190bd8) thrown at [./src/hotspot/share/classfile/systemDictionary.cpp, line 231]
Event: 68.260 Thread 0x000001adff6cf800 Exception <a 'java/lang/ClassNotFoundException'{0x00000000871c3110}: groovy/lang/ClosureBeanInfo> (0x00000000871c3110) thrown at [./src/hotspot/share/classfile/systemDictionary.cpp, line 231]
Event: 68.267 Thread 0x000001adff6cf800 Exception <a 'java/lang/ClassNotFoundException'{0x00000000871f5950}: groovy/lang/ClosureCustomizer> (0x00000000871f5950) thrown at [./src/hotspot/share/classfile/systemDictionary.cpp, line 231]
Event: 68.338 Thread 0x000001adff6cf800 Exception <a 'java/lang/ClassNotFoundException'{0x000000008704a990}: groovy/lang/Closure$1Customizer> (0x000000008704a990) thrown at [./src/hotspot/share/classfile/systemDictionary.cpp, line 231]

Events (20 events):
Event: 68.485 loading class groovy/lang/MetaMethod done
Event: 68.498 loading class org/codehaus/groovy/runtime/ScriptBytecodeAdapter
Event: 68.498 loading class org/codehaus/groovy/runtime/ScriptBytecodeAdapter done
Event: 68.498 loading class org/codehaus/groovy/runtime/ScriptBytecodeAdapter
Event: 68.498 loading class org/codehaus/groovy/runtime/ScriptBytecodeAdapter done
Event: 68.507 loading class org/codehaus/groovy/runtime/wrappers/GroovyObjectWrapper
Event: 68.507 loading class org/codehaus/groovy/runtime/wrappers/GroovyObjectWrapper done
Event: 68.511 loading class org/codehaus/groovy/runtime/wrappers/PojoWrapper
Event: 68.511 loading class org/codehaus/groovy/runtime/wrappers/PojoWrapper done
Event: 83.196 Executing VM operation: RevokeBias
Event: 83.205 Executing VM operation: RevokeBias done
Event: 83.210 Thread 0x000001adff6ad800 Thread exited: 0x000001adff6ad800
Event: 109.916 loading class org/gradle/internal/snapshot/VfsRelativePath
Event: 109.916 loading class org/gradle/internal/snapshot/VfsRelativePath done
Event: 109.974 loading class org/gradle/internal/snapshot/ChildMap$Entry
Event: 109.974 loading class org/gradle/internal/snapshot/ChildMap$Entry done
Event: 109.977 loading class org/gradle/internal/snapshot/VfsRelativePath
Event: 109.977 loading class org/gradle/internal/snapshot/VfsRelativePath done
Event: 111.071 loading class org/gradle/internal/snapshot/SearchUtil
Event: 111.071 loading class org/gradle/internal/snapshot/SearchUtil done


Dynamic libraries:
0x00007ff775990000 - 0x00007ff77599a000 	C:\Program Files\Android\Android Studio\jre\bin\java.exe
0x00007ffdd5860000 - 0x00007ffdd5a69000 	C:\WINDOWS\SYSTEM32\ntdll.dll
0x00007ffdd4fc0000 - 0x00007ffdd507d000 	C:\WINDOWS\System32\KERNEL32.DLL
0x00007ffdd2d50000 - 0x00007ffdd30c4000 	C:\WINDOWS\System32\KERNELBASE.dll
0x00007ffdd35e0000 - 0x00007ffdd36f1000 	C:\WINDOWS\System32\ucrtbase.dll
0x00007ffdbe260000 - 0x00007ffdbe277000 	C:\Program Files\Android\Android Studio\jre\bin\VCRUNTIME140.dll
0x00007ffdb3f30000 - 0x00007ffdb3f49000 	C:\Program Files\Android\Android Studio\jre\bin\jli.dll
0x00007ffdd3aa0000 - 0x00007ffdd3c4c000 	C:\WINDOWS\System32\USER32.dll
0x00007ffdd35b0000 - 0x00007ffdd35d6000 	C:\WINDOWS\System32\win32u.dll
0x00007ffdbb3d0000 - 0x00007ffdbb675000 	C:\WINDOWS\WinSxS\amd64_microsoft.windows.common-controls_6595b64144ccf1df_6.0.22000.120_none_9d947278b86cc467\COMCTL32.dll
0x00007ffdd57f0000 - 0x00007ffdd5819000 	C:\WINDOWS\System32\GDI32.dll
0x00007ffdd32a0000 - 0x00007ffdd33b2000 	C:\WINDOWS\System32\gdi32full.dll
0x00007ffdd4dd0000 - 0x00007ffdd4e73000 	C:\WINDOWS\System32\msvcrt.dll
0x00007ffdd3190000 - 0x00007ffdd322d000 	C:\WINDOWS\System32\msvcp_win.dll
0x00007ffdd5080000 - 0x00007ffdd50b1000 	C:\WINDOWS\System32\IMM32.DLL
0x00007ffda5f80000 - 0x00007ffda601d000 	C:\Program Files\Android\Android Studio\jre\bin\msvcp140.dll
0x00007ffd72710000 - 0x00007ffd731e5000 	C:\Program Files\Android\Android Studio\jre\bin\server\jvm.dll
0x00007ffdd4850000 - 0x00007ffdd48fe000 	C:\WINDOWS\System32\ADVAPI32.dll
0x00007ffdd51b0000 - 0x00007ffdd524e000 	C:\WINDOWS\System32\sechost.dll
0x00007ffdd3e70000 - 0x00007ffdd3f90000 	C:\WINDOWS\System32\RPCRT4.dll
0x00007ffdd5250000 - 0x00007ffdd5258000 	C:\WINDOWS\System32\PSAPI.DLL
0x00007ffdcdf20000 - 0x00007ffdcdf53000 	C:\WINDOWS\SYSTEM32\WINMM.dll
0x00007ffdce1d0000 - 0x00007ffdce1d9000 	C:\WINDOWS\SYSTEM32\WSOCK32.dll
0x00007ffdd3c50000 - 0x00007ffdd3cbf000 	C:\WINDOWS\System32\WS2_32.dll
0x00007ffdcb980000 - 0x00007ffdcb98a000 	C:\WINDOWS\SYSTEM32\VERSION.dll
0x00007ffdd1e50000 - 0x00007ffdd1e68000 	C:\WINDOWS\SYSTEM32\kernel.appcore.dll
0x00007ffdc2b60000 - 0x00007ffdc2b71000 	C:\Program Files\Android\Android Studio\jre\bin\verify.dll
0x00007ffdc1580000 - 0x00007ffdc17a1000 	C:\WINDOWS\SYSTEM32\DBGHELP.DLL
0x00007ffdbbe90000 - 0x00007ffdbbec1000 	C:\WINDOWS\SYSTEM32\dbgcore.DLL
0x00007ffdd33c0000 - 0x00007ffdd343f000 	C:\WINDOWS\System32\bcryptPrimitives.dll
0x00007ffdb8140000 - 0x00007ffdb8169000 	C:\Program Files\Android\Android Studio\jre\bin\java.dll
0x00007ffdcdca0000 - 0x00007ffdcdcab000 	C:\Program Files\Android\Android Studio\jre\bin\jimage.dll
0x00007ffdc08a0000 - 0x00007ffdc08b8000 	C:\Program Files\Android\Android Studio\jre\bin\zip.dll
0x00007ffdd3fb0000 - 0x00007ffdd475e000 	C:\WINDOWS\System32\SHELL32.dll
0x00007ffdd0ec0000 - 0x00007ffdd1727000 	C:\WINDOWS\SYSTEM32\windows.storage.dll
0x00007ffdd5410000 - 0x00007ffdd5788000 	C:\WINDOWS\System32\combase.dll
0x00007ffdd0d50000 - 0x00007ffdd0eb6000 	C:\WINDOWS\SYSTEM32\wintypes.dll
0x00007ffdd4760000 - 0x00007ffdd484a000 	C:\WINDOWS\System32\SHCORE.dll
0x00007ffdd3700000 - 0x00007ffdd375d000 	C:\WINDOWS\System32\shlwapi.dll
0x00007ffdd2c80000 - 0x00007ffdd2ca1000 	C:\WINDOWS\SYSTEM32\profapi.dll
0x00007ffdbc960000 - 0x00007ffdbc97a000 	C:\Program Files\Android\Android Studio\jre\bin\net.dll
0x00007ffdcba40000 - 0x00007ffdcbb4c000 	C:\WINDOWS\SYSTEM32\WINHTTP.dll
0x00007ffdd2280000 - 0x00007ffdd22e7000 	C:\WINDOWS\system32\mswsock.dll
0x00007ffdb82a0000 - 0x00007ffdb82b4000 	C:\Program Files\Android\Android Studio\jre\bin\nio.dll
0x00007ffdad690000 - 0x00007ffdad6b7000 	C:\Users\79220\.gradle\native\e1d6ef7f7dcc3fd88c89a11ec53ec762bb8ba0a96d01ffa2cd45eb1d1d8dd5c5\windows-amd64\native-platform.dll
0x00007ffd97d80000 - 0x00007ffd97ec4000 	C:\Users\79220\.gradle\native\5664cfc778a61ccfe75a443a1ab52a65af34e5dc3c78e0209fed803814484fcb\windows-amd64\native-platform-file-events.dll
0x00007ffdbe230000 - 0x00007ffdbe23a000 	C:\Program Files\Android\Android Studio\jre\bin\management.dll
0x00007ffdbb1c0000 - 0x00007ffdbb1cd000 	C:\Program Files\Android\Android Studio\jre\bin\management_ext.dll
0x00007ffdd24d0000 - 0x00007ffdd24e8000 	C:\WINDOWS\SYSTEM32\CRYPTSP.dll
0x00007ffdd1db0000 - 0x00007ffdd1de5000 	C:\WINDOWS\system32\rsaenh.dll
0x00007ffdd2370000 - 0x00007ffdd2399000 	C:\WINDOWS\SYSTEM32\USERENV.dll
0x00007ffdd2640000 - 0x00007ffdd2667000 	C:\WINDOWS\SYSTEM32\bcrypt.dll
0x00007ffdd24c0000 - 0x00007ffdd24cc000 	C:\WINDOWS\SYSTEM32\CRYPTBASE.dll
0x00007ffdd1980000 - 0x00007ffdd19ad000 	C:\WINDOWS\SYSTEM32\IPHLPAPI.DLL
0x00007ffdd3de0000 - 0x00007ffdd3de9000 	C:\WINDOWS\System32\NSI.dll
0x00007ffdcb960000 - 0x00007ffdcb979000 	C:\WINDOWS\SYSTEM32\dhcpcsvc6.DLL
0x00007ffdcbf80000 - 0x00007ffdcbf9e000 	C:\WINDOWS\SYSTEM32\dhcpcsvc.DLL
0x00007ffdd19b0000 - 0x00007ffdd1a97000 	C:\WINDOWS\SYSTEM32\DNSAPI.dll

dbghelp: loaded successfully - version: 4.0.5 - missing functions: none
symbol engine: initialized successfully - sym options: 0x614 - pdb path: .;C:\Program Files\Android\Android Studio\jre\bin;C:\WINDOWS\SYSTEM32;C:\WINDOWS\WinSxS\amd64_microsoft.windows.common-controls_6595b64144ccf1df_6.0.22000.120_none_9d947278b86cc467;C:\Program Files\Android\Android Studio\jre\bin\server;C:\Users\79220\.gradle\native\e1d6ef7f7dcc3fd88c89a11ec53ec762bb8ba0a96d01ffa2cd45eb1d1d8dd5c5\windows-amd64;C:\Users\79220\.gradle\native\5664cfc778a61ccfe75a443a1ab52a65af34e5dc3c78e0209fed803814484fcb\windows-amd64

VM Arguments:
jvm_args: --add-opens=java.base/java.util=ALL-UNNAMED --add-opens=java.base/java.lang=ALL-UNNAMED --add-opens=java.base/java.lang.invoke=ALL-UNNAMED --add-opens=java.base/java.util=ALL-UNNAMED --add-opens=java.prefs/java.util.prefs=ALL-UNNAMED --add-opens=java.prefs/java.util.prefs=ALL-UNNAMED --add-opens=java.base/java.nio.charset=ALL-UNNAMED --add-opens=java.base/java.net=ALL-UNNAMED --add-opens=java.base/java.util.concurrent.atomic=ALL-UNNAMED -Xmx2048m -Dfile.encoding=UTF-8 -Duser.country=RU -Duser.language=ru -Duser.variant 
java_command: org.gradle.launcher.daemon.bootstrap.GradleDaemon 7.2
java_class_path (initial): C:\Users\79220\.gradle\wrapper\dists\gradle-7.2-bin\2dnblmf4td7x66yl1d74lt32g\gradle-7.2\lib\gradle-launcher-7.2.jar
Launcher Type: SUN_STANDARD

[Global flags]
     intx CICompilerCount                          = 3                                         {product} {ergonomic}
     uint ConcGCThreads                            = 1                                         {product} {ergonomic}
     uint G1ConcRefinementThreads                  = 4                                         {product} {ergonomic}
   size_t G1HeapRegionSize                         = 1048576                                   {product} {ergonomic}
    uintx GCDrainStackTargetSize                   = 64                                        {product} {ergonomic}
   size_t InitialHeapSize                          = 58720256                                  {product} {ergonomic}
   size_t MarkStackSize                            = 4194304                                   {product} {ergonomic}
   size_t MaxHeapSize                              = 2147483648                                {product} {command line}
   size_t MaxNewSize                               = 1287651328                                {product} {ergonomic}
   size_t MinHeapDeltaBytes                        = 1048576                                   {product} {ergonomic}
    uintx NonNMethodCodeHeapSize                   = 5830732                                {pd product} {ergonomic}
    uintx NonProfiledCodeHeapSize                  = 122913754                              {pd product} {ergonomic}
    uintx ProfiledCodeHeapSize                     = 122913754                              {pd product} {ergonomic}
    uintx ReservedCodeCacheSize                    = 251658240                              {pd product} {ergonomic}
     bool SegmentedCodeCache                       = true                                      {product} {ergonomic}
     bool UseCompressedClassPointers               = true                                 {lp64_product} {ergonomic}
     bool UseCompressedOops                        = true                                 {lp64_product} {ergonomic}
     bool UseG1GC                                  = true                                      {product} {ergonomic}
     bool UseLargePagesIndividualAllocation        = false                                  {pd product} {ergonomic}

Logging:
Log output configuration:
 #0: stdout all=warning uptime,level,tags
 #1: stderr all=off uptime,level,tags

Environment Variables:
PATH=C:\WINDOWS\system32;C:\WINDOWS;C:\WINDOWS\System32\Wbem;C:\WINDOWS\System32\WindowsPowerShell\v1.0\;C:\WINDOWS\System32\OpenSSH\;C:\Program Files\Git\cmd;C:\Users\79220\AppData\Local\Microsoft\WindowsApps;
USERNAME=79220
OS=Windows_NT
PROCESSOR_IDENTIFIER=AMD64 Family 23 Model 24 Stepping 1, AuthenticAMD



---------------  S Y S T E M  ---------------

OS: Windows 10 , 64 bit Build 22000 (10.0.22000.434)
OS uptime: 3 days 9:34 hours

CPU:total 4 (initial active 4) (4 cores per cpu, 2 threads per core) family 23 model 24 stepping 1 microcode 0x0, cmov, cx8, fxsr, mmx, sse, sse2, sse3, ssse3, sse4.1, sse4.2, popcnt, avx, avx2, aes, clmul, mmxext, 3dnowpref, lzcnt, sse4a, ht, tsc, tscinvbit, tscinv, bmi1, bmi2, adx, s

Memory: 4k page, system-wide physical 3503M (54M free)
TotalPageFile size 14255M (AvailPageFile size 0M)
current process WorkingSet (physical memory assigned to process): 24M, peak: 91M
current process commit charge ("private bytes"): 278M, peak: 286M

vm_info: OpenJDK 64-Bit Server VM (11.0.11+9-b60-7590822) for windows-amd64 JRE (11.0.11+9-b60-7590822), built on Jul 29 2021 21:43:44 by "builder" with MS VC++ 14.0 (VS2015)

END.
